<?xml version="1.0" encoding="UTF-8"?>
<testsuite xmlns:xsi="http://www.w3.org/2001/XMLSchema-instance" xsi:noNamespaceSchemaLocation="https://maven.apache.org/surefire/maven-surefire-plugin/xsd/surefire-test-report.xsd" version="3.0.2" name="com.examp.springmvc.user.domain.model.UserTest" time="0.034" tests="9" errors="0" skipped="0" failures="0" flakes="0">
  <properties>
[...]
</properties>
  <testcase name="shouldValidateSuccessfully" classname="com.examp.springmvc.user.domain.model.UserTest" time="0.002"/>
  <testcase name="shouldThrowExceptionWhenUsernameIsEmpty" classname="com.examp.springmvc.user.domain.model.UserTest" time="0.002"/>
  <testcase name="shouldDetectAdminRole" classname="com.examp.springmvc.user.domain.model.UserTest" time="0.001"/>
  <testcase name="shouldDeactivateUser" classname="com.examp.springmvc.user.domain.model.UserTest" time="0.002"/>
  <testcase name="shouldThrowExceptionWhenFullNameIsEmpty" classname="com.examp.springmvc.user.domain.model.UserTest" time="0.003"/>
  <testcase name="shouldThrowExceptionWhenRoleIsInvalid" classname="com.examp.springmvc.user.domain.model.UserTest" time="0.002"/>
  <testcase name="shouldThrowExceptionWhenEmailIsEmpty" classname="com.examp.springmvc.user.domain.model.UserTest" time="0.003"/>
  <testcase name="shouldActivateUser" classname="com.examp.springmvc.user.domain.model.UserTest" time="0.002"/>
  <testcase name="shouldThrowExceptionWhenEmailFormatIsInvalid" classname="com.examp.springmvc.user.domain.model.UserTest" time="0.001"/>
</testsuite>